<?xml version="1.0" encoding="UTF-8"?>
<!-- Generated by org.testng.reporters.JUnitReportReporter -->
<testsuite hostname="AmolPC" failures="0" tests="1" name="onlineShopping.Tests.ErrorValidationTest" time="11.703" errors="0" timestamp="2022-10-19T18:57:44 IST" skipped="0">
  <testcase classname="onlineShopping.Tests.ErrorValidationTest" name="loginpageerrorMessage" time="11.703"/>
  <system-out/>
</testsuite> <!-- onlineShopping.Tests.ErrorValidationTest -->
