<?xml version="1.0" encoding="UTF-8"?>
<!-- Generated by org.testng.reporters.JUnitReportReporter -->
<testsuite hostname="AmolPC" failures="0" tests="2" name="onlineShopping.Tests.ErrorValidationTest" time="12.169" errors="0" timestamp="2022-10-18T17:44:38 IST" skipped="0">
  <testcase classname="onlineShopping.Tests.ErrorValidationTest" name="loginpageerrorMessage" time="10.220"/>
  <system-out/>
  <testcase classname="onlineShopping.Tests.ErrorValidationTest" name="ProductErrorValidation" time="1.949"/>
  <system-out/>
</testsuite> <!-- onlineShopping.Tests.ErrorValidationTest -->
