<?xml version="1.0" encoding="UTF-8"?>
<!-- Generated by org.testng.reporters.JUnitReportReporter -->
<testsuite hostname="AmolPC" failures="0" tests="2" name="onlineShopping.Tests.LoginOrderTest" time="19.828" errors="0" timestamp="2022-10-18T23:52:00 IST" skipped="0">
  <testcase classname="onlineShopping.Tests.LoginOrderTest" name="submitorder" time="12.123"/>
  <system-out/>
  <testcase classname="onlineShopping.Tests.LoginOrderTest" name="OrderHistoryTest" time="7.705"/>
  <system-out/>
</testsuite> <!-- onlineShopping.Tests.LoginOrderTest -->
