<?xml version="1.0" encoding="UTF-8"?>
<!-- Generated by org.testng.reporters.JUnitReportReporter -->
<testsuite hostname="AmolPC" failures="0" tests="2" name="onlineShopping.Tests.LoginOrderTest" time="54.274" errors="0" timestamp="2022-10-22T18:24:03 IST" skipped="0">
  <testcase classname="onlineShopping.Tests.LoginOrderTest" name="submitorder" time="39.896"/>
  <system-out/>
  <testcase classname="onlineShopping.Tests.LoginOrderTest" name="submitorder" time="14.378"/>
  <system-out/>
</testsuite> <!-- onlineShopping.Tests.LoginOrderTest -->
