<?xml version="1.0" encoding="UTF-8"?>
<!-- Generated by org.testng.reporters.JUnitReportReporter -->
<testsuite hostname="AmolPC" failures="0" tests="2" name="onlineShopping.Tests.ErrorValidation" time="9.406" errors="0" timestamp="2022-10-18T17:25:40 IST" skipped="0">
  <testcase classname="onlineShopping.Tests.ErrorValidation" name="ProductErrorValidation" time="2.128"/>
  <system-out/>
  <testcase classname="onlineShopping.Tests.ErrorValidation" name="loginpageerrorMessage" time="7.278"/>
  <system-out/>
</testsuite> <!-- onlineShopping.Tests.ErrorValidation -->
